20.2187 	EXP 	Created window1 = Window(allowGUI=True, allowStencil=False, autoLog=True, backendConf=UNKNOWN, backgroundFit=<method-wrapper '__getattribute__' of attributeSetter object at 0x00000228EABC2C70>, backgroundImage=<method-wrapper '__getattribute__' of attributeSetter object at 0x00000228EABC2C10>, bitsMode=UNKNOWN, blendMode='avg', bpc=(8, 8, 8), color=array([0, 0, 0]), colorSpace='rgb', depthBits=8, fullscr=<method-wrapper '__getattribute__' of attributeSetter object at 0x00000228EABC2A60>, gamma=None, gammaErrorPolicy='raise', lms=UNKNOWN, monitor=<psychopy.monitors.calibTools.Monitor object at 0x00000228EB144640>, multiSample=False, name='window1', numSamples=2, pos=(192, 108), screen=0, size=array([1536,  864]), stencilBits=0, stereo=False, title='PsychoPy', units='height', useFBO=True, useRetina=False, viewOri=0.0, viewPos=None, viewScale=None, waitBlanking=True, winType='pyglet')
20.2188 	EXP 	window1: mouseVisible = True
20.2189 	EXP 	window1: backgroundImage = ''
20.2189 	EXP 	window1: backgroundFit = 'none'
20.2210 	EXP 	window1: Attempting to measure frame rate of screen (0) ...
20.2210 	EXP 	window1: recordFrameIntervals = False
20.3850 	EXP 	window1: recordFrameIntervals = True
20.5687 	EXP 	Screen (0) actual frame rate measured at 60.06Hz
20.5688 	EXP 	window1: recordFrameIntervals = False
20.5689 	EXP 	window1: mouseVisible = True
20.6894 	WARNING 	launchHubServer: If using the iohub mouse or eyetracker devices, fullScr should be True.
23.7987 	EXP 	prof_rating: status = STARTED
23.7991 	EXP 	window1: mouseVisible = True
23.8724 	EXP 	Created text = TextStim(__class__=<class 'psychopy.visual.text.TextStim'>, alignHoriz=method-wrapper(...), alignText='center', alignVert=method-wrapper(...), anchorHoriz='center', anchorVert='center', antialias=True, autoDraw=False, autoLog=True, bold=False, color=array([1., 1., 1.]), colorSpace='rgb', contrast=1.0, depth=0.0, draggable=False, flipHoriz=False, flipVert=False, font='Open Sans', fontFiles=[], height=0.05, italic=False, languageStyle='LTR', name='text', opacity=1.0, ori=0.0, pos=array([0., 0.]), rgb=UNKNOWN, text=str(...), units='height', win=Window(...), wrapWidth=1)
23.8726 	EXP 	window1: mouseVisible = True
23.8800 	EXP 	Created HaveYouTakenThisProf = TextStim(__class__=<class 'psychopy.visual.text.TextStim'>, alignHoriz=method-wrapper(...), alignText='center', alignVert=method-wrapper(...), anchorHoriz='center', anchorVert='center', antialias=True, autoDraw=False, autoLog=True, bold=False, color=array([1., 1., 1.]), colorSpace='rgb', contrast=1.0, depth=0.0, draggable=False, flipHoriz=False, flipVert=False, font='Open Sans', fontFiles=[], height=0.05, italic=False, languageStyle='LTR', name='HaveYouTakenThisProf', opacity=1.0, ori=0.0, pos=array([0. , 0.4]), rgb=UNKNOWN, text='Have you taken a class with this Professor?', units='height', win=Window(...), wrapWidth=1)
23.8802 	EXP 	window1: mouseVisible = True
23.9034 	EXP 	Created imageProf1 = ImageStim(__class__=<class 'psychopy.visual.image.ImageStim'>, anchor=('center', 'center'), autoLog=True, color=array([1., 1., 1.]), colorSpace='rgb', contrast=1.0, depth=-1.0, draggable=False, flipHoriz=False, flipVert=False, image=str(...), interpolate=True, mask=None, maskParams=None, name='imageProf1', opacity=1.0, ori=0.0, pos=array([0., 0.]), size=array([0.5, 0.5]), texRes=128.0, units='height', win=Window(...))
23.9035 	EXP 	window1: mouseVisible = True
23.9071 	EXP 	Created textThankYouMessage = TextStim(__class__=<class 'psychopy.visual.text.TextStim'>, alignHoriz=method-wrapper(...), alignText='center', alignVert=method-wrapper(...), anchorHoriz='center', anchorVert='center', antialias=True, autoDraw=False, autoLog=True, bold=False, color=array([1., 1., 1.]), colorSpace='rgb', contrast=1.0, depth=0.0, draggable=False, flipHoriz=False, flipVert=False, font='Open Sans', fontFiles=[], height=0.05, italic=False, languageStyle='LTR', name='textThankYouMessage', opacity=1.0, ori=0.0, pos=array([0., 0.]), rgb=UNKNOWN, text='Thank you for your time!', units='height', win=Window(...), wrapWidth=1)
0.0422 	EXP 	text: autoDraw = True
1.7749 	EXP 	text: autoDraw = False
1.7749 	EXP 	HaveYouTakenThisProf: autoDraw = True
1.7749 	EXP 	imageProf1: autoDraw = True
6.7556 	EXP 	HaveYouTakenThisProf: autoDraw = False
6.7556 	EXP 	imageProf1: autoDraw = False
6.7556 	EXP 	textThankYouMessage: autoDraw = True
9.7536 	EXP 	textThankYouMessage: autoDraw = False
9.7538 	EXP 	prof_rating: status = STOPPED
9.7870 	EXP 	window1: mouseVisible = True
