11.7325 	EXP 	Created window1 = Window(allowGUI=True, allowStencil=False, autoLog=True, backendConf=UNKNOWN, backgroundFit=<method-wrapper '__getattribute__' of attributeSetter object at 0x000002D324402CD0>, backgroundImage=<method-wrapper '__getattribute__' of attributeSetter object at 0x000002D324402C70>, bitsMode=UNKNOWN, blendMode='avg', bpc=(8, 8, 8), color=array([0, 0, 0]), colorSpace='rgb', depthBits=8, fullscr=<method-wrapper '__getattribute__' of attributeSetter object at 0x000002D324402AF0>, gamma=None, gammaErrorPolicy='raise', lms=UNKNOWN, monitor=<psychopy.monitors.calibTools.Monitor object at 0x000002D32495C940>, multiSample=False, name='window1', numSamples=2, pos=(192, 108), screen=0, size=array([1536,  864]), stencilBits=0, stereo=False, title='PsychoPy', units='height', useFBO=True, useRetina=False, viewOri=0.0, viewPos=None, viewScale=None, waitBlanking=True, winType='pyglet')
11.7327 	EXP 	window1: mouseVisible = True
11.7327 	EXP 	window1: backgroundImage = ''
11.7327 	EXP 	window1: backgroundFit = 'none'
11.7355 	EXP 	window1: Attempting to measure frame rate of screen (0) ...
11.7355 	EXP 	window1: recordFrameIntervals = False
11.8968 	EXP 	window1: recordFrameIntervals = True
12.0797 	EXP 	Screen (0) actual frame rate measured at 60.55Hz
12.0797 	EXP 	window1: recordFrameIntervals = False
12.0798 	EXP 	window1: mouseVisible = True
12.1972 	WARNING 	launchHubServer: If using the iohub mouse or eyetracker devices, fullScr should be True.
15.3137 	EXP 	prof_rating: status = STARTED
15.3140 	EXP 	window1: mouseVisible = True
15.3852 	EXP 	Created text = TextStim(__class__=<class 'psychopy.visual.text.TextStim'>, alignHoriz=method-wrapper(...), alignText='center', alignVert=method-wrapper(...), anchorHoriz='center', anchorVert='center', antialias=True, autoDraw=False, autoLog=True, bold=False, color=array([1., 1., 1.]), colorSpace='rgb', contrast=1.0, depth=0.0, draggable=False, flipHoriz=False, flipVert=False, font='Open Sans', fontFiles=[], height=0.05, italic=False, languageStyle='LTR', name='text', opacity=1.0, ori=0.0, pos=array([0., 0.]), rgb=UNKNOWN, text=str(...), units='height', win=Window(...), wrapWidth=1)
15.3854 	EXP 	window1: mouseVisible = True
15.3933 	EXP 	Created HaveYouTakenThisProf = TextStim(__class__=<class 'psychopy.visual.text.TextStim'>, alignHoriz=method-wrapper(...), alignText='center', alignVert=method-wrapper(...), anchorHoriz='center', anchorVert='center', antialias=True, autoDraw=False, autoLog=True, bold=False, color=array([1., 1., 1.]), colorSpace='rgb', contrast=1.0, depth=0.0, draggable=False, flipHoriz=False, flipVert=False, font='Open Sans', fontFiles=[], height=0.05, italic=False, languageStyle='LTR', name='HaveYouTakenThisProf', opacity=1.0, ori=0.0, pos=array([0.  , 0.45]), rgb=UNKNOWN, text='Have you taken a class with this Professor?', units='height', win=Window(...), wrapWidth=1)
15.3934 	EXP 	window1: mouseVisible = True
15.4071 	EXP 	Created imageProf1 = ImageStim(__class__=<class 'psychopy.visual.image.ImageStim'>, anchor=('center', 'center'), autoLog=True, color=array([1., 1., 1.]), colorSpace='rgb', contrast=1.0, depth=-1.0, draggable=False, flipHoriz=False, flipVert=False, image=str(...), interpolate=True, mask=None, maskParams=None, name='imageProf1', opacity=1.0, ori=0.0, pos=array([0.  , 0.15]), size=array([0.5 , 0.45]), texRes=128.0, units='height', win=Window(...))
15.4073 	EXP 	window1: mouseVisible = True
15.4187 	EXP 	Created imageYesButton = ImageStim(__class__=<class 'psychopy.visual.image.ImageStim'>, anchor=('center', 'center'), autoLog=True, color=array([1., 1., 1.]), colorSpace='rgb', contrast=1.0, depth=-2.0, draggable=False, flipHoriz=False, flipVert=False, image=str(...), interpolate=True, mask=None, maskParams=None, name='imageYesButton', opacity=1.0, ori=0.0, pos=array([-0.25, -0.3 ]), size=array([0.25, 0.25]), texRes=128.0, units='height', win=Window(...))
15.4188 	EXP 	window1: mouseVisible = True
15.4300 	EXP 	Created imageNoButton = ImageStim(__class__=<class 'psychopy.visual.image.ImageStim'>, anchor=('center', 'center'), autoLog=True, color=array([1., 1., 1.]), colorSpace='rgb', contrast=1.0, depth=-3.0, draggable=False, flipHoriz=False, flipVert=False, image=str(...), interpolate=True, mask=None, maskParams=None, name='imageNoButton', opacity=1.0, ori=0.0, pos=array([ 0.25, -0.3 ]), size=array([0.25, 0.25]), texRes=128.0, units='height', win=Window(...))
15.4301 	EXP 	window1: mouseVisible = True
15.4339 	EXP 	Created textThankYouMessage = TextStim(__class__=<class 'psychopy.visual.text.TextStim'>, alignHoriz=method-wrapper(...), alignText='center', alignVert=method-wrapper(...), anchorHoriz='center', anchorVert='center', antialias=True, autoDraw=False, autoLog=True, bold=False, color=array([1., 1., 1.]), colorSpace='rgb', contrast=1.0, depth=0.0, draggable=False, flipHoriz=False, flipVert=False, font='Open Sans', fontFiles=[], height=0.05, italic=False, languageStyle='LTR', name='textThankYouMessage', opacity=1.0, ori=0.0, pos=array([0., 0.]), rgb=UNKNOWN, text='Thank you for your time!', units='height', win=Window(...), wrapWidth=1)
0.0439 	EXP 	text: autoDraw = True
0.7922 	EXP 	text: autoDraw = False
0.7922 	EXP 	HaveYouTakenThisProf: autoDraw = True
0.7922 	EXP 	imageProf1: autoDraw = True
0.7922 	EXP 	imageYesButton: autoDraw = True
0.7922 	EXP 	imageNoButton: autoDraw = True
5.7921 	EXP 	HaveYouTakenThisProf: autoDraw = False
5.7921 	EXP 	imageProf1: autoDraw = False
5.7921 	EXP 	imageYesButton: autoDraw = False
5.7921 	EXP 	imageNoButton: autoDraw = False
5.7921 	EXP 	textThankYouMessage: autoDraw = True
8.7901 	EXP 	textThankYouMessage: autoDraw = False
8.7903 	EXP 	prof_rating: status = STOPPED
8.8230 	EXP 	window1: mouseVisible = True
