15.3316 	EXP 	Created window1 = Window(allowGUI=True, allowStencil=False, autoLog=True, backendConf=UNKNOWN, backgroundFit=<method-wrapper '__getattribute__' of attributeSetter object at 0x0000026446B70CD0>, backgroundImage=<method-wrapper '__getattribute__' of attributeSetter object at 0x0000026446B70C70>, bitsMode=UNKNOWN, blendMode='avg', bpc=(8, 8, 8), color=array([0, 0, 0]), colorSpace='rgb', depthBits=8, fullscr=<method-wrapper '__getattribute__' of attributeSetter object at 0x0000026446B70AF0>, gamma=None, gammaErrorPolicy='raise', lms=UNKNOWN, monitor=<psychopy.monitors.calibTools.Monitor object at 0x00000264470A38E0>, multiSample=False, name='window1', numSamples=2, pos=(192, 108), screen=0, size=array([1536,  864]), stencilBits=0, stereo=False, title='PsychoPy', units='height', useFBO=True, useRetina=False, viewOri=0.0, viewPos=None, viewScale=None, waitBlanking=True, winType='pyglet')
15.3317 	EXP 	window1: mouseVisible = True
15.3318 	EXP 	window1: backgroundImage = ''
15.3318 	EXP 	window1: backgroundFit = 'none'
15.3350 	EXP 	window1: Attempting to measure frame rate of screen (0) ...
15.3351 	EXP 	window1: recordFrameIntervals = False
15.4975 	EXP 	window1: recordFrameIntervals = True
15.6805 	EXP 	Screen (0) actual frame rate measured at 60.03Hz
15.6806 	EXP 	window1: recordFrameIntervals = False
15.6807 	EXP 	window1: mouseVisible = True
15.7932 	WARNING 	launchHubServer: If using the iohub mouse or eyetracker devices, fullScr should be True.
18.9078 	EXP 	prof_rating: status = STARTED
18.9082 	EXP 	window1: mouseVisible = True
18.9850 	EXP 	Created text = TextStim(__class__=<class 'psychopy.visual.text.TextStim'>, alignHoriz=method-wrapper(...), alignText='center', alignVert=method-wrapper(...), anchorHoriz='center', anchorVert='center', antialias=True, autoDraw=False, autoLog=True, bold=False, color=array([1., 1., 1.]), colorSpace='rgb', contrast=1.0, depth=0.0, draggable=False, flipHoriz=False, flipVert=False, font='Open Sans', fontFiles=[], height=0.05, italic=False, languageStyle='LTR', name='text', opacity=1.0, ori=0.0, pos=array([0., 0.]), rgb=UNKNOWN, text=str(...), units='height', win=Window(...), wrapWidth=1)
18.9852 	EXP 	window1: mouseVisible = True
18.9933 	EXP 	Created HaveYouTakenThisProf = TextStim(__class__=<class 'psychopy.visual.text.TextStim'>, alignHoriz=method-wrapper(...), alignText='center', alignVert=method-wrapper(...), anchorHoriz='center', anchorVert='center', antialias=True, autoDraw=False, autoLog=True, bold=False, color=array([1., 1., 1.]), colorSpace='rgb', contrast=1.0, depth=0.0, draggable=False, flipHoriz=False, flipVert=False, font='Open Sans', fontFiles=[], height=0.05, italic=False, languageStyle='LTR', name='HaveYouTakenThisProf', opacity=1.0, ori=0.0, pos=array([0.  , 0.15]), rgb=UNKNOWN, text='Have you taken a class with this Professor?', units='height', win=Window(...), wrapWidth=1)
18.9934 	EXP 	window1: mouseVisible = True
19.0183 	EXP 	Created imageProf1 = ImageStim(__class__=<class 'psychopy.visual.image.ImageStim'>, anchor=('center', 'center'), autoLog=True, color=array([1., 1., 1.]), colorSpace='rgb', contrast=1.0, depth=-1.0, draggable=False, flipHoriz=False, flipVert=False, image=str(...), interpolate=True, mask=None, maskParams=None, name='imageProf1', opacity=1.0, ori=0.0, pos=array([0., 0.]), size=array([0.5, 0.5]), texRes=128.0, units='height', win=Window(...))
19.0185 	EXP 	window1: mouseVisible = True
19.0220 	EXP 	Created textThankYouMessage = TextStim(__class__=<class 'psychopy.visual.text.TextStim'>, alignHoriz=method-wrapper(...), alignText='center', alignVert=method-wrapper(...), anchorHoriz='center', anchorVert='center', antialias=True, autoDraw=False, autoLog=True, bold=False, color=array([1., 1., 1.]), colorSpace='rgb', contrast=1.0, depth=0.0, draggable=False, flipHoriz=False, flipVert=False, font='Open Sans', fontFiles=[], height=0.05, italic=False, languageStyle='LTR', name='textThankYouMessage', opacity=1.0, ori=0.0, pos=array([0., 0.]), rgb=UNKNOWN, text='Thank you for your time!', units='height', win=Window(...), wrapWidth=1)
0.0391 	EXP 	text: autoDraw = True
2.1049 	EXP 	text: autoDraw = False
2.1049 	EXP 	HaveYouTakenThisProf: autoDraw = True
2.1049 	EXP 	imageProf1: autoDraw = True
7.0851 	EXP 	HaveYouTakenThisProf: autoDraw = False
7.0851 	EXP 	imageProf1: autoDraw = False
7.0851 	EXP 	textThankYouMessage: autoDraw = True
10.0842 	EXP 	textThankYouMessage: autoDraw = False
10.0845 	EXP 	prof_rating: status = STOPPED
10.1172 	EXP 	window1: mouseVisible = True
