13.6879 	EXP 	Created window1 = Window(allowGUI=True, allowStencil=False, autoLog=True, backendConf=UNKNOWN, backgroundFit=<method-wrapper '__getattribute__' of attributeSetter object at 0x0000020D3C8B2CD0>, backgroundImage=<method-wrapper '__getattribute__' of attributeSetter object at 0x0000020D3C8B2C70>, bitsMode=UNKNOWN, blendMode='avg', bpc=(8, 8, 8), color=array([0, 0, 0]), colorSpace='rgb', depthBits=8, fullscr=<method-wrapper '__getattribute__' of attributeSetter object at 0x0000020D3C8B2AF0>, gamma=None, gammaErrorPolicy='raise', lms=UNKNOWN, monitor=<psychopy.monitors.calibTools.Monitor object at 0x0000020D3CE0C8B0>, multiSample=False, name='window1', numSamples=2, pos=(192, 108), screen=0, size=array([1536,  864]), stencilBits=0, stereo=False, title='PsychoPy', units='height', useFBO=True, useRetina=False, viewOri=0.0, viewPos=None, viewScale=None, waitBlanking=True, winType='pyglet')
13.6880 	EXP 	window1: mouseVisible = True
13.6880 	EXP 	window1: backgroundImage = ''
13.6881 	EXP 	window1: backgroundFit = 'none'
13.6908 	EXP 	window1: Attempting to measure frame rate of screen (0) ...
13.6909 	EXP 	window1: recordFrameIntervals = False
13.8528 	EXP 	window1: recordFrameIntervals = True
14.0370 	EXP 	Screen (0) actual frame rate measured at 59.67Hz
14.0370 	EXP 	window1: recordFrameIntervals = False
14.0371 	EXP 	window1: mouseVisible = True
14.1492 	WARNING 	launchHubServer: If using the iohub mouse or eyetracker devices, fullScr should be True.
17.1540 	EXP 	prof_rating: status = STARTED
17.1544 	EXP 	window1: mouseVisible = True
17.2265 	EXP 	Created text = TextStim(__class__=<class 'psychopy.visual.text.TextStim'>, alignHoriz=method-wrapper(...), alignText='center', alignVert=method-wrapper(...), anchorHoriz='center', anchorVert='center', antialias=True, autoDraw=False, autoLog=True, bold=False, color=array([1., 1., 1.]), colorSpace='rgb', contrast=1.0, depth=0.0, draggable=False, flipHoriz=False, flipVert=False, font='Open Sans', fontFiles=[], height=0.05, italic=False, languageStyle='LTR', name='text', opacity=1.0, ori=0.0, pos=array([0., 0.]), rgb=UNKNOWN, text=str(...), units='height', win=Window(...), wrapWidth=1)
17.2267 	EXP 	window1: mouseVisible = True
17.2349 	EXP 	Created HaveYouTakenThisProf = TextStim(__class__=<class 'psychopy.visual.text.TextStim'>, alignHoriz=method-wrapper(...), alignText='center', alignVert=method-wrapper(...), anchorHoriz='center', anchorVert='center', antialias=True, autoDraw=False, autoLog=True, bold=False, color=array([1., 1., 1.]), colorSpace='rgb', contrast=1.0, depth=0.0, draggable=False, flipHoriz=False, flipVert=False, font='Open Sans', fontFiles=[], height=0.05, italic=False, languageStyle='LTR', name='HaveYouTakenThisProf', opacity=1.0, ori=0.0, pos=array([0. , 0.4]), rgb=UNKNOWN, text='Have you taken a class with this Professor?', units='height', win=Window(...), wrapWidth=1)
17.2351 	EXP 	window1: mouseVisible = True
17.2580 	EXP 	Created imageProf1 = ImageStim(__class__=<class 'psychopy.visual.image.ImageStim'>, anchor=('center', 'center'), autoLog=True, color=array([1., 1., 1.]), colorSpace='rgb', contrast=1.0, depth=-1.0, draggable=False, flipHoriz=False, flipVert=False, image=str(...), interpolate=True, mask=None, maskParams=None, name='imageProf1', opacity=1.0, ori=0.0, pos=array([0., 0.]), size=array([0.5, 0.5]), texRes=128.0, units='height', win=Window(...))
17.2582 	EXP 	window1: mouseVisible = True
17.2706 	EXP 	Created imageYesButton = ImageStim(__class__=<class 'psychopy.visual.image.ImageStim'>, anchor=('center', 'center'), autoLog=True, color=array([1., 1., 1.]), colorSpace='rgb', contrast=1.0, depth=-2.0, draggable=False, flipHoriz=False, flipVert=False, image=str(...), interpolate=True, mask=None, maskParams=None, name='imageYesButton', opacity=1.0, ori=0.0, pos=array([-0.25, -0.3 ]), size=array([0.25, 0.25]), texRes=128.0, units='height', win=Window(...))
17.2708 	EXP 	window1: mouseVisible = True
17.2846 	EXP 	Created imageNoButton = ImageStim(__class__=<class 'psychopy.visual.image.ImageStim'>, anchor=('center', 'center'), autoLog=True, color=array([1., 1., 1.]), colorSpace='rgb', contrast=1.0, depth=-3.0, draggable=False, flipHoriz=False, flipVert=False, image=str(...), interpolate=True, mask=None, maskParams=None, name='imageNoButton', opacity=1.0, ori=0.0, pos=array([ 0.25, -0.3 ]), size=array([0.25, 0.25]), texRes=128.0, units='height', win=Window(...))
17.2847 	EXP 	window1: mouseVisible = True
17.2883 	EXP 	Created textThankYouMessage = TextStim(__class__=<class 'psychopy.visual.text.TextStim'>, alignHoriz=method-wrapper(...), alignText='center', alignVert=method-wrapper(...), anchorHoriz='center', anchorVert='center', antialias=True, autoDraw=False, autoLog=True, bold=False, color=array([1., 1., 1.]), colorSpace='rgb', contrast=1.0, depth=0.0, draggable=False, flipHoriz=False, flipVert=False, font='Open Sans', fontFiles=[], height=0.05, italic=False, languageStyle='LTR', name='textThankYouMessage', opacity=1.0, ori=0.0, pos=array([0., 0.]), rgb=UNKNOWN, text='Thank you for your time!', units='height', win=Window(...), wrapWidth=1)
0.0642 	EXP 	text: autoDraw = True
1.6105 	EXP 	text: autoDraw = False
1.6105 	EXP 	HaveYouTakenThisProf: autoDraw = True
1.6105 	EXP 	imageProf1: autoDraw = True
1.6105 	EXP 	imageYesButton: autoDraw = True
1.6105 	EXP 	imageNoButton: autoDraw = True
6.5927 	EXP 	HaveYouTakenThisProf: autoDraw = False
6.5927 	EXP 	imageProf1: autoDraw = False
6.5927 	EXP 	imageYesButton: autoDraw = False
6.5927 	EXP 	imageNoButton: autoDraw = False
6.5927 	EXP 	textThankYouMessage: autoDraw = True
9.5917 	EXP 	textThankYouMessage: autoDraw = False
9.5919 	EXP 	prof_rating: status = STOPPED
9.6226 	EXP 	window1: mouseVisible = True
