14.7059 	EXP 	Created window1 = Window(allowGUI=True, allowStencil=False, autoLog=True, backendConf=UNKNOWN, backgroundFit=<method-wrapper '__getattribute__' of attributeSetter object at 0x000001D223E30CA0>, backgroundImage=<method-wrapper '__getattribute__' of attributeSetter object at 0x000001D223E30C40>, bitsMode=UNKNOWN, blendMode='avg', bpc=(8, 8, 8), color=array([0, 0, 0]), colorSpace='rgb', depthBits=8, fullscr=<method-wrapper '__getattribute__' of attributeSetter object at 0x000001D223E30A90>, gamma=None, gammaErrorPolicy='raise', lms=UNKNOWN, monitor=<psychopy.monitors.calibTools.Monitor object at 0x000001D224394760>, multiSample=False, name='window1', numSamples=2, pos=(192, 108), screen=0, size=array([1536,  864]), stencilBits=0, stereo=False, title='PsychoPy', units='height', useFBO=True, useRetina=False, viewOri=0.0, viewPos=None, viewScale=None, waitBlanking=True, winType='pyglet')
14.7061 	EXP 	window1: mouseVisible = True
14.7061 	EXP 	window1: backgroundImage = ''
14.7061 	EXP 	window1: backgroundFit = 'none'
14.7092 	EXP 	window1: Attempting to measure frame rate of screen (0) ...
14.7092 	EXP 	window1: recordFrameIntervals = False
14.8719 	EXP 	window1: recordFrameIntervals = True
15.0541 	EXP 	Screen (0) actual frame rate measured at 60.19Hz
15.0541 	EXP 	window1: recordFrameIntervals = False
15.0542 	EXP 	window1: mouseVisible = True
15.1648 	WARNING 	launchHubServer: If using the iohub mouse or eyetracker devices, fullScr should be True.
18.2756 	EXP 	prof_rating: status = STARTED
18.2760 	EXP 	window1: mouseVisible = True
18.3479 	EXP 	Created text = TextStim(__class__=<class 'psychopy.visual.text.TextStim'>, alignHoriz=method-wrapper(...), alignText='center', alignVert=method-wrapper(...), anchorHoriz='center', anchorVert='center', antialias=True, autoDraw=False, autoLog=True, bold=False, color=array([1., 1., 1.]), colorSpace='rgb', contrast=1.0, depth=0.0, draggable=False, flipHoriz=False, flipVert=False, font='Open Sans', fontFiles=[], height=0.05, italic=False, languageStyle='LTR', name='text', opacity=1.0, ori=0.0, pos=array([0., 0.]), rgb=UNKNOWN, text=str(...), units='height', win=Window(...), wrapWidth=1)
18.3482 	EXP 	window1: mouseVisible = True
18.3601 	EXP 	Created HaveYouTakenThisProf = TextStim(__class__=<class 'psychopy.visual.text.TextStim'>, alignHoriz=method-wrapper(...), alignText='center', alignVert=method-wrapper(...), anchorHoriz='center', anchorVert='center', antialias=True, autoDraw=False, autoLog=True, bold=False, color=array([1., 1., 1.]), colorSpace='rgb', contrast=1.0, depth=0.0, draggable=False, flipHoriz=False, flipVert=False, font='Open Sans', fontFiles=[], height=0.05, italic=False, languageStyle='LTR', name='HaveYouTakenThisProf', opacity=1.0, ori=0.0, pos=array([0., 0.]), rgb=UNKNOWN, text='Have you taken a class with this Professor?', units='height', win=Window(...), wrapWidth=1)
18.3602 	EXP 	window1: mouseVisible = True
18.3788 	EXP 	Created imageProf1 = ImageStim(__class__=<class 'psychopy.visual.image.ImageStim'>, anchor=('center', 'bottom'), autoLog=True, color=array([1., 1., 1.]), colorSpace='rgb', contrast=1.0, depth=-1.0, draggable=False, flipHoriz=False, flipVert=False, image=str(...), interpolate=True, mask=None, maskParams=None, name='imageProf1', opacity=1.0, ori=0.0, pos=array([0., 0.]), size=array([0.5, 0.5]), texRes=128.0, units='height', win=Window(...))
18.3789 	EXP 	window1: mouseVisible = True
18.3832 	EXP 	Created textThankYouMessage = TextStim(__class__=<class 'psychopy.visual.text.TextStim'>, alignHoriz=method-wrapper(...), alignText='center', alignVert=method-wrapper(...), anchorHoriz='center', anchorVert='center', antialias=True, autoDraw=False, autoLog=True, bold=False, color=array([1., 1., 1.]), colorSpace='rgb', contrast=1.0, depth=0.0, draggable=False, flipHoriz=False, flipVert=False, font='Open Sans', fontFiles=[], height=0.05, italic=False, languageStyle='LTR', name='textThankYouMessage', opacity=1.0, ori=0.0, pos=array([0., 0.]), rgb=UNKNOWN, text='Thank you for your time!', units='height', win=Window(...), wrapWidth=1)
0.0359 	EXP 	text: autoDraw = True
1.7705 	EXP 	text: autoDraw = False
1.7705 	EXP 	HaveYouTakenThisProf: autoDraw = True
1.7705 	EXP 	imageProf1: autoDraw = True
6.7489 	EXP 	HaveYouTakenThisProf: autoDraw = False
6.7489 	EXP 	imageProf1: autoDraw = False
6.7489 	EXP 	textThankYouMessage: autoDraw = True
9.7477 	EXP 	textThankYouMessage: autoDraw = False
9.7479 	EXP 	prof_rating: status = STOPPED
9.7786 	EXP 	window1: mouseVisible = True
