11.0538 	EXP 	Created window1 = Window(allowGUI=True, allowStencil=False, autoLog=True, backendConf=UNKNOWN, backgroundFit=<method-wrapper '__getattribute__' of attributeSetter object at 0x000001CE209BCDC0>, backgroundImage=<method-wrapper '__getattribute__' of attributeSetter object at 0x000001CE209BCD60>, bitsMode=UNKNOWN, blendMode='avg', bpc=(8, 8, 8), color=array([0, 0, 0]), colorSpace='rgb', depthBits=8, fullscr=<method-wrapper '__getattribute__' of attributeSetter object at 0x000001CE209BCB80>, gamma=None, gammaErrorPolicy='raise', lms=UNKNOWN, monitor=<psychopy.monitors.calibTools.Monitor object at 0x000001CE20EF3D00>, multiSample=False, name='window1', numSamples=2, pos=(192, 108), screen=0, size=array([1536,  864]), stencilBits=0, stereo=False, title='PsychoPy', units='height', useFBO=True, useRetina=False, viewOri=0.0, viewPos=None, viewScale=None, waitBlanking=True, winType='pyglet')
11.0540 	EXP 	window1: mouseVisible = True
11.0540 	EXP 	window1: backgroundImage = ''
11.0541 	EXP 	window1: backgroundFit = 'none'
11.0574 	EXP 	window1: Attempting to measure frame rate of screen (0) ...
11.0574 	EXP 	window1: recordFrameIntervals = False
11.2200 	EXP 	window1: recordFrameIntervals = True
11.4037 	EXP 	Screen (0) actual frame rate measured at 60.19Hz
11.4038 	EXP 	window1: recordFrameIntervals = False
11.4039 	EXP 	window1: mouseVisible = True
11.5169 	WARNING 	launchHubServer: If using the iohub mouse or eyetracker devices, fullScr should be True.
14.6253 	EXP 	prof_rating: status = STARTED
14.6259 	EXP 	window1: mouseVisible = True
14.6996 	EXP 	Created text = TextStim(__class__=<class 'psychopy.visual.text.TextStim'>, alignHoriz=method-wrapper(...), alignText='center', alignVert=method-wrapper(...), anchorHoriz='center', anchorVert='center', antialias=True, autoDraw=False, autoLog=True, bold=False, color=array([1., 1., 1.]), colorSpace='rgb', contrast=1.0, depth=0.0, draggable=False, flipHoriz=False, flipVert=False, font='Open Sans', fontFiles=[], height=0.05, italic=False, languageStyle='LTR', name='text', opacity=1.0, ori=0.0, pos=array([0., 0.]), rgb=UNKNOWN, text=str(...), units='height', win=Window(...), wrapWidth=1)
14.6998 	EXP 	window1: mouseVisible = True
14.7107 	EXP 	Created HaveYouTakenThisProf = TextStim(__class__=<class 'psychopy.visual.text.TextStim'>, alignHoriz=method-wrapper(...), alignText='center', alignVert=method-wrapper(...), anchorHoriz='center', anchorVert='center', antialias=True, autoDraw=False, autoLog=True, bold=False, color=array([1., 1., 1.]), colorSpace='rgb', contrast=1.0, depth=0.0, draggable=False, flipHoriz=False, flipVert=False, font='Open Sans', fontFiles=[], height=0.05, italic=False, languageStyle='LTR', name='HaveYouTakenThisProf', opacity=1.0, ori=0.0, pos=array([0. , 0.2]), rgb=UNKNOWN, text='Have you taken a class with this Professor?', units='height', win=Window(...), wrapWidth=1)
14.7109 	EXP 	window1: mouseVisible = True
14.7329 	EXP 	Created imageProf1 = ImageStim(__class__=<class 'psychopy.visual.image.ImageStim'>, anchor=('center', 'center'), autoLog=True, color=array([1., 1., 1.]), colorSpace='rgb', contrast=1.0, depth=-1.0, draggable=False, flipHoriz=False, flipVert=False, image=str(...), interpolate=True, mask=None, maskParams=None, name='imageProf1', opacity=1.0, ori=0.0, pos=array([0., 0.]), size=array([0.5, 0.5]), texRes=128.0, units='height', win=Window(...))
14.7331 	EXP 	window1: mouseVisible = True
14.7366 	EXP 	Created textThankYouMessage = TextStim(__class__=<class 'psychopy.visual.text.TextStim'>, alignHoriz=method-wrapper(...), alignText='center', alignVert=method-wrapper(...), anchorHoriz='center', anchorVert='center', antialias=True, autoDraw=False, autoLog=True, bold=False, color=array([1., 1., 1.]), colorSpace='rgb', contrast=1.0, depth=0.0, draggable=False, flipHoriz=False, flipVert=False, font='Open Sans', fontFiles=[], height=0.05, italic=False, languageStyle='LTR', name='textThankYouMessage', opacity=1.0, ori=0.0, pos=array([0., 0.]), rgb=UNKNOWN, text='Thank you for your time!', units='height', win=Window(...), wrapWidth=1)
0.0486 	EXP 	text: autoDraw = True
3.2628 	EXP 	text: autoDraw = False
3.2628 	EXP 	HaveYouTakenThisProf: autoDraw = True
3.2628 	EXP 	imageProf1: autoDraw = True
8.2607 	EXP 	HaveYouTakenThisProf: autoDraw = False
8.2607 	EXP 	imageProf1: autoDraw = False
8.2607 	EXP 	textThankYouMessage: autoDraw = True
11.2579 	EXP 	textThankYouMessage: autoDraw = False
11.2581 	EXP 	prof_rating: status = STOPPED
11.2968 	EXP 	window1: mouseVisible = True
